[2016-05-02 09:12:38] local.ERROR: exception 'Symfony\Component\Debug\Exception\FatalErrorException' with message 'syntax error, unexpected ';'' in /var/www/Version-1.01/DreamVent/storage/framework/views/a0e48b9b19c28e15eae8c87d496ab07eb3867bfa.php:17
Stack trace:
#0 {main}  
[2016-05-02 09:13:29] local.ERROR: exception 'ReflectionException' with message 'Class App\Http\Controllers\PostPageController does not exist' in /var/www/Version-1.01/DreamVent/vendor/laravel/framework/src/Illuminate/Routing/Route.php:280
Stack trace:
#0 /var/www/Version-1.01/DreamVent/vendor/laravel/framework/src/Illuminate/Routing/Route.php(280): ReflectionMethod->__construct('App\\Http\\Contro...', 'ViewPost')
#1 /var/www/Version-1.01/DreamVent/vendor/laravel/framework/src/Illuminate/Routing/Router.php(859): Illuminate\Routing\Route->signatureParameters('Illuminate\\Data...')
#2 /var/www/Version-1.01/DreamVent/vendor/laravel/framework/src/Illuminate/Routing/Router.php(844): Illuminate\Routing\Router->substituteImplicitBindings(Object(Illuminate\Routing\Route))
#3 /var/www/Version-1.01/DreamVent/vendor/laravel/framework/src/Illuminate/Routing/Router.php(827): Illuminate\Routing\Router->substituteBindings(Object(Illuminate\Routing\Route))
#4 /var/www/Version-1.01/DreamVent/vendor/laravel/framework/src/Illuminate/Routing/Router.php(691): Illuminate\Routing\Router->findRoute(Object(Illuminate\Http\Request))
#5 /var/www/Version-1.01/DreamVent/vendor/laravel/framework/src/Illuminate/Routing/Router.php(675): Illuminate\Routing\Router->dispatchToRoute(Object(Illuminate\Http\Request))
#6 /var/www/Version-1.01/DreamVent/vendor/laravel/framework/src/Illuminate/Foundation/Http/Kernel.php(246): Illuminate\Routing\Router->dispatch(Object(Illuminate\Http\Request))
#7 [internal function]: Illuminate\Foundation\Http\Kernel->Illuminate\Foundation\Http\{closure}(Object(Illuminate\Http\Request))
#8 /var/www/Version-1.01/DreamVent/vendor/laravel/framework/src/Illuminate/Routing/Pipeline.php(52): call_user_func(Object(Closure), Object(Illuminate\Http\Request))
#9 /var/www/Version-1.01/DreamVent/vendor/laravel/framework/src/Illuminate/Foundation/Http/Middleware/CheckForMaintenanceMode.php(44): Illuminate\Routing\Pipeline->Illuminate\Routing\{closure}(Object(Illuminate\Http\Request))
#10 [internal function]: Illuminate\Foundation\Http\Middleware\CheckForMaintenanceMode->handle(Object(Illuminate\Http\Request), Object(Closure))
#11 /var/www/Version-1.01/DreamVent/vendor/laravel/framework/src/Illuminate/Pipeline/Pipeline.php(136): call_user_func_array(Array, Array)
#12 [internal function]: Illuminate\Pipeline\Pipeline->Illuminate\Pipeline\{closure}(Object(Illuminate\Http\Request))
#13 /var/www/Version-1.01/DreamVent/vendor/laravel/framework/src/Illuminate/Routing/Pipeline.php(32): call_user_func(Object(Closure), Object(Illuminate\Http\Request))
#14 [internal function]: Illuminate\Routing\Pipeline->Illuminate\Routing\{closure}(Object(Illuminate\Http\Request))
#15 /var/www/Version-1.01/DreamVent/vendor/laravel/framework/src/Illuminate/Pipeline/Pipeline.php(103): call_user_func(Object(Closure), Object(Illuminate\Http\Request))
#16 /var/www/Version-1.01/DreamVent/vendor/laravel/framework/src/Illuminate/Foundation/Http/Kernel.php(132): Illuminate\Pipeline\Pipeline->then(Object(Closure))
#17 /var/www/Version-1.01/DreamVent/vendor/laravel/framework/src/Illuminate/Foundation/Http/Kernel.php(99): Illuminate\Foundation\Http\Kernel->sendRequestThroughRouter(Object(Illuminate\Http\Request))
#18 /var/www/Version-1.01/DreamVent/public/index.php(54): Illuminate\Foundation\Http\Kernel->handle(Object(Illuminate\Http\Request))
#19 {main}  
